0	4	5	500	375	8.0	0.526	0.5626666666666666	0.648	0.904	8.0	0.33	0.704	0.506	0.992	8.0	0.01	0.6506666666666666	0.134	0.9973333333333333	8.0	0.482	0.5173333333333333	0.59	0.7973333333333333	8.0	0.554	0.496	0.624	0.5866666666666667	..\Dataset\VOC2007_set\000005.jpg
1	4	5	500	333	6.0	0.282	0.15015015015015015	1.0	0.990990990990991	..\Dataset\VOC2007_set\000007.jpg
2	4	5	500	375	12.0	0.138	0.45866666666666667	0.54	0.88	14.0	0.3	0.376	0.458	0.7573333333333333	14.0	0.57	0.536	0.654	0.8826666666666667	14.0	0.516	0.528	0.594	0.8773333333333333	..\Dataset\VOC2007_set\000009.jpg
3	4	5	500	333	6.0	0.312	0.2912912912912913	0.702	0.8108108108108109	..\Dataset\VOC2007_set\000012.jpg
4	4	5	334	500	1.0	0.2754491017964072	0.144	0.9131736526946108	0.946	..\Dataset\VOC2007_set\000016.jpg
5	4	5	480	364	14.0	0.3854166666666667	0.17032967032967034	0.58125	0.5467032967032966	12.0	0.1875	0.21428571428571427	0.8395833333333333	0.9230769230769231	..\Dataset\VOC2007_set\000017.jpg
6	4	5	500	375	7.0	0.462	0.23466666666666666	0.966	0.6826666666666666	7.0	0.022	0.30133333333333334	0.532	0.6906666666666667	..\Dataset\VOC2007_set\000019.jpg
7	4	5	375	500	6.0	0.088	0.296	0.9893333333333333	0.832	..\Dataset\VOC2007_set\000020.jpg
8	4	5	336	500	11.0	0.002976190476190476	0.47	0.5416666666666666	0.776	14.0	0.625	0.072	1.0	0.964	14.0	0.13690476190476192	0.164	0.5059523809523809	0.73	14.0	0.03273809523809524	0.362	0.4226190476190476	0.838	..\Dataset\VOC2007_set\000021.jpg
9	4	5	334	500	1.0	0.02694610778443114	0.46	0.7335329341317365	1.0	1.0	0.688622754491018	0.44	1.0	1.0	1.0	0.005988023952095809	0.356	0.2694610778443114	1.0	14.0	0.005988023952095809	0.002	0.3502994011976048	0.738	14.0	0.008982035928143712	0.004	0.7275449101796407	0.924	14.0	0.6736526946107785	0.002	1.0	0.972	..\Dataset\VOC2007_set\000023.jpg
10	4	5	500	335	18.0	0.392	0.4925373134328358	0.978	0.7373134328358208	..\Dataset\VOC2007_set\000024.jpg
11	4	5	500	333	6.0	0.18	0.37537537537537535	0.674	0.6366366366366366	..\Dataset\VOC2007_set\000026.jpg
12	4	5	500	375	1.0	0.072	0.5466666666666666	0.36	0.7706666666666667	14.0	0.102	0.4266666666666667	0.3	0.7786666666666666	14.0	0.59	0.368	0.9	0.7733333333333333	..\Dataset\VOC2007_set\000030.jpg
13	4	5	500	281	0.0	0.208	0.2775800711743772	0.75	0.6512455516014235	0.0	0.266	0.31316725978647686	0.394	0.4377224199288256	14.0	0.39	0.6405693950177936	0.426	0.8149466192170819	14.0	0.052	0.6725978647686833	0.088	0.8469750889679716	..\Dataset\VOC2007_set\000032.jpg
14	4	5	500	366	0.0	0.018	0.2923497267759563	0.998	0.7185792349726776	0.0	0.842	0.546448087431694	0.964	0.6174863387978142	0.0	0.65	0.5136612021857924	0.822	0.6092896174863388	..\Dataset\VOC2007_set\000033.jpg
15	4	5	360	500	18.0	0.32222222222222224	0.334	1.0	0.8	18.0	0.39166666666666666	0.306	0.925	0.458	..\Dataset\VOC2007_set\000034.jpg
16	4	5	500	375	14.0	0.002	0.256	0.382	0.9626666666666667	14.0	0.436	0.2613333333333333	0.93	0.848	14.0	0.936	0.52	1.0	0.8453333333333334	10.0	0.006	0.8106666666666666	1.0	1.0	..\Dataset\VOC2007_set\000035.jpg
17	4	5	332	500	11.0	0.08132530120481928	0.158	0.9608433734939759	0.688	..\Dataset\VOC2007_set\000036.jpg
18	4	5	500	375	19.0	0.312	0.23733333333333334	0.688	0.744	..\Dataset\VOC2007_set\000039.jpg
19	4	5	500	333	19.0	0.726	0.14114114114114115	0.864	0.3213213213213213	14.0	0.432	0.27627627627627627	0.614	0.9069069069069069	14.0	0.328	0.4444444444444444	0.454	0.7327327327327328	..\Dataset\VOC2007_set\000041.jpg
20	4	5	500	335	18.0	0.526	0.0955223880597015	1.0	0.8805970149253731	18.0	0.002	0.10746268656716418	0.47	0.8925373134328358	..\Dataset\VOC2007_set\000042.jpg
21	4	5	500	333	8.0	0.002	0.003003003003003003	0.74	0.990990990990991	7.0	0.198	0.3033033033033033	0.624	0.6396396396396397	..\Dataset\VOC2007_set\000044.jpg
22	4	5	332	500	2.0	0.6355421686746988	0.468	0.9548192771084337	0.732	..\Dataset\VOC2007_set\000046.jpg
23	4	5	500	333	6.0	0.03	0.003003003003003003	0.918	0.9369369369369369	8.0	0.878	0.5105105105105106	0.974	0.6906906906906907	..\Dataset\VOC2007_set\000047.jpg
24	4	5	375	500	2.0	0.15466666666666667	0.214	0.776	0.93	14.0	0.005333333333333333	0.002	0.8053333333333333	1.0	..\Dataset\VOC2007_set\000048.jpg
25	4	5	500	375	8.0	0.81	0.408	0.986	0.68	8.0	0.55	0.344	0.624	0.4533333333333333	4.0	0.72	0.512	0.762	0.7066666666666667	4.0	0.798	0.4826666666666667	0.844	0.6266666666666667	4.0	0.54	0.48	0.582	0.6586666666666666	4.0	0.588	0.4693333333333333	0.624	0.6426666666666667	14.0	0.136	0.256	0.586	1.0	14.0	0.002	0.18933333333333333	0.174	0.8853333333333333	14.0	0.37	0.18133333333333335	0.518	0.5253333333333333	14.0	0.572	0.17066666666666666	0.812	0.6346666666666667	..\Dataset\VOC2007_set\000050.jpg
26	4	5	500	375	13.0	0.704	0.368	1.0	1.0	13.0	0.21	0.0026666666666666666	0.854	0.6533333333333333	14.0	0.83	0.16266666666666665	0.93	0.52	..\Dataset\VOC2007_set\000051.jpg
27	4	5	500	333	15.0	0.828	0.6966966966966966	0.916	0.7897897897897898	15.0	0.582	0.7117117117117117	0.666	0.8108108108108109	15.0	0.366	0.7147147147147147	0.454	0.8198198198198198	15.0	0.104	0.7327327327327328	0.198	0.8228228228228228	15.0	0.124	0.2882882882882883	0.214	0.3963963963963964	15.0	0.368	0.2822822822822823	0.45	0.3843843843843844	..\Dataset\VOC2007_set\000052.jpg
